libcpmtd.lib(xlocale.obj) : error LNK2001: 无法解析的外部符号 __calloc_dbg
源.obj : error LNK2001: 无法解析的外部符号 __calloc_dbg
libcpmtd.lib(_tolower.obj) : error LNK2001: 无法解析的外部符号 __calloc_dbg
libcpmtd.lib(locale.obj) : error LNK2001: 无法解析的外部符号 __calloc_dbg
libcpmtd.lib(wlocale.obj) : error LNK2001: 无法解析的外部符号 __calloc_dbg
libcpmtd.lib(StlCompareStringA.obj) : error LNK2001: 无法解析的外部符号 __free_dbg
libcpmtd.lib(StlLCMapStringA.obj) : error LNK2001: 无法解析的外部符号 __free_dbg
libcpmtd.lib(wlocale.obj) : error LNK2001: 无法解析的外部符号 __free_dbg
libcpmtd.lib(xlocale.obj) : error LNK2001: 无法解析的外部符号 __free_dbg
libcpmtd.lib(xwcsxfrm.obj) : error LNK2001: 无法解析的外部符号 __free_dbg
源.obj : error LNK2001: 无法解析的外部符号 __free_dbg
libcpmtd.lib(locale0.obj) : error LNK2001: 无法解析的外部符号 __free_dbg
libcpmtd.lib(cout.obj) : error LNK2001: 无法解析的外部符号 __free_dbg
libcpmtd.lib(locale.obj) : error LNK2001: 无法解析的外部符号 __free_dbg
libcpmtd.lib(StlCompareStringA.obj) : error LNK2001: 无法解析的外部符号 __malloc_dbg
libcpmtd.lib(StlLCMapStringA.obj) : error LNK2001: 无法解析的外部符号 __malloc_dbg
libcpmtd.lib(wlocale.obj) : error LNK2001: 无法解析的外部符号 __malloc_dbg
libcpmtd.lib(xlocale.obj) : error LNK2001: 无法解析的外部符号 __malloc_dbg
libcpmtd.lib(xwcsxfrm.obj) : error LNK2001: 无法解析的外部符号 __malloc_dbg
源.obj : error LNK2001: 无法解析的外部符号 __malloc_dbg
libcpmtd.lib(locale0.obj) : error LNK2001: 无法解析的外部符号 __malloc_dbg
libcpmtd.lib(cout.obj) : error LNK2001: 无法解析的外部符号 __malloc_dbg
libcpmtd.lib(locale.obj) : error LNK2001: 无法解析的外部符号 __malloc_dbg
libcpmtd.lib(wlocale.obj) : error LNK2001: 无法解析的外部符号 __CrtDbgReport
libcpmtd.lib(xlocale.obj) : error LNK2001: 无法解析的外部符号 __CrtDbgReport
源.obj : error LNK2001: 无法解析的外部符号 __CrtDbgReport
libcpmtd.lib(xonce.obj) : error LNK2001: 无法解析的外部符号 __CrtDbgReport
libcpmtd.lib(cout.obj) : error LNK2001: 无法解析的外部符号 __CrtDbgReport
libcpmtd.lib(locale.obj) : error LNK2001: 无法解析的外部符号 __CrtDbgReport
libcpmtd.lib(_tolower.obj) : error LNK2019: 无法解析的外部符号 __wcsdup_dbg，该符号在函数 __Getctype 中被引用
libcpmtd.lib(xstrcoll.obj) : error LNK2001: 无法解析的外部符号 __wcsdup_dbg
libcpmtd.lib(locale.obj) : error LNK2019: 无法解析的外部符号 __realloc_dbg，该符号在函数 "private: static void __cdecl std::locale::_Locimp::_Locimp_Addfac(class std::locale::_Locimp *,class std::locale::facet *,unsigned int)" (?_Locimp_Addfac@_Locimp@locale@std@@CAXPAV123@PAVfacet@23@I@Z) 中被引用
libcpmtd.lib(StlLCMapStringA.obj) : error LNK2019: 无法解析的外部符号 __CrtDbgReportW，该符号在函数 __freea_crt 中被引用
libcpmtd.lib(xmbtowc.obj) : error LNK2001: 无法解析的外部符号 __CrtDbgReportW
libcpmtd.lib(StlCompareStringA.obj) : error LNK2001: 无法解析的外部符号 __CrtDbgReportW
C:\Users\hp\Desktop\大三下\编译原理\上机作业\词法分析程序\Debug\词法分析程序.exe : fatal error LNK1120: 7 个无法解析的外部命令
